<?xml version="1.0" encoding="UTF-8"?>
<!-- Generated by org.testng.reporters.JUnitReportReporter -->
<testsuite skipped="0" hostname="AGI-LT-1394" name="googleTest.Data_properties" tests="1" failures="0" timestamp="25 Oct 2021 06:42:42 GMT" time="10.314" errors="0">
  <testcase name="browserCall" time="10.314" classname="googleTest.Data_properties"/>
</testsuite> <!-- googleTest.Data_properties -->
