<?xml version="1.0" encoding="UTF-8"?>
<!-- Generated by org.testng.reporters.JUnitReportReporter -->
<testsuite skipped="0" hostname="AGI-LT-1394" name="googleTest.TS002" tests="1" failures="0" timestamp="26 Oct 2021 05:16:03 GMT" time="23.039" errors="0">
  <testcase name="STEP01" time="23.039" classname="googleTest.TS002"/>
</testsuite> <!-- googleTest.TS002 -->
