<?xml version="1.0" encoding="UTF-8"?>
<!-- Generated by org.testng.reporters.JUnitReportReporter -->
<testsuite skipped="0" hostname="AGI-LT-1394" name="googleTest.TS001" tests="1" failures="0" timestamp="26 Oct 2021 05:16:03 GMT" time="19.170" errors="0">
  <testcase name="STEP01" time="19.170" classname="googleTest.TS001"/>
</testsuite> <!-- googleTest.TS001 -->
