<?xml version="1.0" encoding="UTF-8"?>
<!-- Generated by org.testng.reporters.JUnitReportReporter -->
<testsuite skipped="0" hostname="AGI-LT-1394" name="googleTest.Base" tests="1" failures="0" timestamp="25 Oct 2021 06:58:36 GMT" time="6.353" errors="0">
  <testcase name="browserCall" time="6.353" classname="googleTest.Base"/>
</testsuite> <!-- googleTest.Base -->
