<?xml version="1.0" encoding="UTF-8"?>
<!-- Generated by org.testng.reporters.JUnitReportReporter -->
<testsuite skipped="0" hostname="AGI-LT-1394" name="googleTest.TS002" tests="1" failures="0" timestamp="2021-10-26T12:34:27 IST" time="25.685" errors="0">
  <testcase name="STEP01" time="25.685" classname="googleTest.TS002"/>
  <system-out/>
</testsuite> <!-- googleTest.TS002 -->
