<?xml version="1.0" encoding="UTF-8"?>
<!-- Generated by org.testng.reporters.JUnitReportReporter -->
<testsuite skipped="0" hostname="AGI-LT-1394" name="googleTest.TS001" tests="1" failures="0" timestamp="2021-10-26T12:34:27 IST" time="20.081" errors="0">
  <testcase name="STEP01" time="20.081" classname="googleTest.TS001"/>
  <system-out/>
</testsuite> <!-- googleTest.TS001 -->
